-Xajruntimetarget:1.5
-XnoInline
-encoding
UTF-8
-source
8
-target
8
-classpath
C:\Users\Olga\.m2\repository\io\cucumber\cucumber-java\7.2.3\cucumber-java-7.2.3.jar;C:\Users\Olga\.m2\repository\io\cucumber\cucumber-core\7.2.3\cucumber-core-7.2.3.jar;C:\Users\Olga\.m2\repository\io\cucumber\cucumber-gherkin\7.2.3\cucumber-gherkin-7.2.3.jar;C:\Users\Olga\.m2\repository\io\cucumber\cucumber-gherkin-messages\7.2.3\cucumber-gherkin-messages-7.2.3.jar;C:\Users\Olga\.m2\repository\io\cucumber\messages\17.1.1\messages-17.1.1.jar;C:\Users\Olga\.m2\repository\io\cucumber\tag-expressions\4.1.0\tag-expressions-4.1.0.jar;C:\Users\Olga\.m2\repository\io\cucumber\cucumber-expressions\15.0.1\cucumber-expressions-15.0.1.jar;C:\Users\Olga\.m2\repository\io\cucumber\datatable\7.2.3\datatable-7.2.3.jar;C:\Users\Olga\.m2\repository\io\cucumber\cucumber-plugin\7.2.3\cucumber-plugin-7.2.3.jar;C:\Users\Olga\.m2\repository\io\cucumber\docstring\7.2.3\docstring-7.2.3.jar;C:\Users\Olga\.m2\repository\io\cucumber\html-formatter\17.0.0\html-formatter-17.0.0.jar;C:\Users\Olga\.m2\repository\io\cucumber\ci-environment\8.1.0\ci-environment-8.1.0.jar;C:\Users\Olga\.m2\repository\org\apiguardian\apiguardian-api\1.1.2\apiguardian-api-1.1.2.jar;C:\Users\Olga\.m2\repository\io\cucumber\cucumber-testng\7.2.3\cucumber-testng-7.2.3.jar;C:\Users\Olga\.m2\repository\org\testng\testng\7.4.0\testng-7.4.0.jar;C:\Users\Olga\.m2\repository\com\beust\jcommander\1.78\jcommander-1.78.jar;C:\Users\Olga\.m2\repository\org\webjars\jquery\3.5.1\jquery-3.5.1.jar;C:\Users\Olga\.m2\repository\io\cucumber\cucumber-picocontainer\7.2.3\cucumber-picocontainer-7.2.3.jar;C:\Users\Olga\.m2\repository\org\picocontainer\picocontainer\2.15\picocontainer-2.15.jar;C:\Users\Olga\.m2\repository\io\qameta\allure\allure-cucumber7-jvm\2.17.2\allure-cucumber7-jvm-2.17.2.jar;C:\Users\Olga\.m2\repository\io\qameta\allure\allure-java-commons\2.17.2\allure-java-commons-2.17.2.jar;C:\Users\Olga\.m2\repository\io\qameta\allure\allure-model\2.17.2\allure-model-2.17.2.jar;C:\Users\Olga\.m2\repository\io\qameta\allure\allure-selenide\2.17.2\allure-selenide-2.17.2.jar;C:\Users\Olga\.m2\repository\org\aspectj\aspectjrt\1.9.6\aspectjrt-1.9.6.jar;C:\Users\Olga\.m2\repository\org\slf4j\slf4j-api\1.7.30\slf4j-api-1.7.30.jar;C:\Users\Olga\.m2\repository\org\slf4j\slf4j-log4j12\1.7.30\slf4j-log4j12-1.7.30.jar;C:\Users\Olga\.m2\repository\log4j\log4j\1.2.17\log4j-1.2.17.jar;C:\Users\Olga\.m2\repository\org\apache\logging\log4j\log4j-core\2.15.0\log4j-core-2.15.0.jar;C:\Users\Olga\.m2\repository\org\apache\logging\log4j\log4j-api\2.15.0\log4j-api-2.15.0.jar;C:\Users\Olga\.m2\repository\com\jayway\jsonpath\json-path\2.5.0\json-path-2.5.0.jar;C:\Users\Olga\.m2\repository\net\minidev\json-smart\2.3\json-smart-2.3.jar;C:\Users\Olga\.m2\repository\net\minidev\accessors-smart\1.2\accessors-smart-1.2.jar;C:\Users\Olga\.m2\repository\org\ow2\asm\asm\5.0.4\asm-5.0.4.jar;C:\Users\Olga\.m2\repository\org\apache\commons\commons-lang3\3.12.0\commons-lang3-3.12.0.jar;C:\Users\Olga\.m2\repository\com\codeborne\selenide\6.2.0\selenide-6.2.0.jar;C:\Users\Olga\.m2\repository\org\seleniumhq\selenium\selenium-java\4.1.1\selenium-java-4.1.1.jar;C:\Users\Olga\.m2\repository\org\seleniumhq\selenium\selenium-api\4.1.1\selenium-api-4.1.1.jar;C:\Users\Olga\.m2\repository\org\seleniumhq\selenium\selenium-chrome-driver\4.1.1\selenium-chrome-driver-4.1.1.jar;C:\Users\Olga\.m2\repository\com\google\auto\service\auto-service-annotations\1.0.1\auto-service-annotations-1.0.1.jar;C:\Users\Olga\.m2\repository\com\google\auto\service\auto-service\1.0.1\auto-service-1.0.1.jar;C:\Users\Olga\.m2\repository\com\google\auto\auto-common\1.2\auto-common-1.2.jar;C:\Users\Olga\.m2\repository\org\seleniumhq\selenium\selenium-chromium-driver\4.1.1\selenium-chromium-driver-4.1.1.jar;C:\Users\Olga\.m2\repository\org\seleniumhq\selenium\selenium-json\4.1.1\selenium-json-4.1.1.jar;C:\Users\Olga\.m2\repository\org\seleniumhq\selenium\selenium-devtools-v85\4.1.1\selenium-devtools-v85-4.1.1.jar;C:\Users\Olga\.m2\repository\org\seleniumhq\selenium\selenium-devtools-v94\4.1.1\selenium-devtools-v94-4.1.1.jar;C:\Users\Olga\.m2\repository\org\seleniumhq\selenium\selenium-devtools-v95\4.1.1\selenium-devtools-v95-4.1.1.jar;C:\Users\Olga\.m2\repository\org\seleniumhq\selenium\selenium-devtools-v96\4.1.1\selenium-devtools-v96-4.1.1.jar;C:\Users\Olga\.m2\repository\org\seleniumhq\selenium\selenium-edge-driver\4.1.1\selenium-edge-driver-4.1.1.jar;C:\Users\Olga\.m2\repository\org\seleniumhq\selenium\selenium-firefox-driver\4.1.1\selenium-firefox-driver-4.1.1.jar;C:\Users\Olga\.m2\repository\org\seleniumhq\selenium\selenium-firefox-xpi-driver\4.1.1\selenium-firefox-xpi-driver-4.1.1.jar;C:\Users\Olga\.m2\repository\org\seleniumhq\selenium\selenium-ie-driver\4.1.1\selenium-ie-driver-4.1.1.jar;C:\Users\Olga\.m2\repository\org\seleniumhq\selenium\selenium-opera-driver\4.1.1\selenium-opera-driver-4.1.1.jar;C:\Users\Olga\.m2\repository\org\seleniumhq\selenium\selenium-remote-driver\4.1.1\selenium-remote-driver-4.1.1.jar;C:\Users\Olga\.m2\repository\io\netty\netty-buffer\4.1.70.Final\netty-buffer-4.1.70.Final.jar;C:\Users\Olga\.m2\repository\io\netty\netty-codec-http\4.1.70.Final\netty-codec-http-4.1.70.Final.jar;C:\Users\Olga\.m2\repository\io\netty\netty-codec\4.1.70.Final\netty-codec-4.1.70.Final.jar;C:\Users\Olga\.m2\repository\io\netty\netty-handler\4.1.70.Final\netty-handler-4.1.70.Final.jar;C:\Users\Olga\.m2\repository\io\netty\netty-common\4.1.70.Final\netty-common-4.1.70.Final.jar;C:\Users\Olga\.m2\repository\io\netty\netty-transport-classes-epoll\4.1.70.Final\netty-transport-classes-epoll-4.1.70.Final.jar;C:\Users\Olga\.m2\repository\io\netty\netty-transport-classes-kqueue\4.1.70.Final\netty-transport-classes-kqueue-4.1.70.Final.jar;C:\Users\Olga\.m2\repository\io\netty\netty-transport-native-unix-common\4.1.70.Final\netty-transport-native-unix-common-4.1.70.Final.jar;C:\Users\Olga\.m2\repository\io\netty\netty-transport\4.1.70.Final\netty-transport-4.1.70.Final.jar;C:\Users\Olga\.m2\repository\io\netty\netty-resolver\4.1.70.Final\netty-resolver-4.1.70.Final.jar;C:\Users\Olga\.m2\repository\io\opentelemetry\opentelemetry-api\1.9.1\opentelemetry-api-1.9.1.jar;C:\Users\Olga\.m2\repository\io\opentelemetry\opentelemetry-context\1.9.1\opentelemetry-context-1.9.1.jar;C:\Users\Olga\.m2\repository\io\opentelemetry\opentelemetry-exporter-logging\1.9.1\opentelemetry-exporter-logging-1.9.1.jar;C:\Users\Olga\.m2\repository\io\opentelemetry\opentelemetry-sdk-metrics\1.9.1-alpha\opentelemetry-sdk-metrics-1.9.1-alpha.jar;C:\Users\Olga\.m2\repository\io\opentelemetry\opentelemetry-sdk-logs\1.9.1-alpha\opentelemetry-sdk-logs-1.9.1-alpha.jar;C:\Users\Olga\.m2\repository\io\opentelemetry\opentelemetry-sdk-common\1.9.1\opentelemetry-sdk-common-1.9.1.jar;C:\Users\Olga\.m2\repository\io\opentelemetry\opentelemetry-sdk-extension-autoconfigure-spi\1.9.1\opentelemetry-sdk-extension-autoconfigure-spi-1.9.1.jar;C:\Users\Olga\.m2\repository\io\opentelemetry\opentelemetry-sdk-extension-autoconfigure\1.9.1-alpha\opentelemetry-sdk-extension-autoconfigure-1.9.1-alpha.jar;C:\Users\Olga\.m2\repository\io\opentelemetry\opentelemetry-sdk-trace\1.9.1\opentelemetry-sdk-trace-1.9.1.jar;C:\Users\Olga\.m2\repository\io\opentelemetry\opentelemetry-api-metrics\1.9.1-alpha\opentelemetry-api-metrics-1.9.1-alpha.jar;C:\Users\Olga\.m2\repository\io\opentelemetry\opentelemetry-sdk\1.9.1\opentelemetry-sdk-1.9.1.jar;C:\Users\Olga\.m2\repository\io\opentelemetry\opentelemetry-semconv\1.9.1-alpha\opentelemetry-semconv-1.9.1-alpha.jar;C:\Users\Olga\.m2\repository\io\ous\jtoml\2.0.0\jtoml-2.0.0.jar;C:\Users\Olga\.m2\repository\org\apache\commons\commons-exec\1.3\commons-exec-1.3.jar;C:\Users\Olga\.m2\repository\org\asynchttpclient\async-http-client\2.12.3\async-http-client-2.12.3.jar;C:\Users\Olga\.m2\repository\org\asynchttpclient\async-http-client-netty-utils\2.12.3\async-http-client-netty-utils-2.12.3.jar;C:\Users\Olga\.m2\repository\io\netty\netty-codec-socks\4.1.60.Final\netty-codec-socks-4.1.60.Final.jar;C:\Users\Olga\.m2\repository\io\netty\netty-handler-proxy\4.1.60.Final\netty-handler-proxy-4.1.60.Final.jar;C:\Users\Olga\.m2\repository\io\netty\netty-transport-native-epoll\4.1.60.Final\netty-transport-native-epoll-4.1.60.Final-linux-x86_64.jar;C:\Users\Olga\.m2\repository\io\netty\netty-transport-native-kqueue\4.1.60.Final\netty-transport-native-kqueue-4.1.60.Final-osx-x86_64.jar;C:\Users\Olga\.m2\repository\org\reactivestreams\reactive-streams\1.0.3\reactive-streams-1.0.3.jar;C:\Users\Olga\.m2\repository\com\typesafe\netty\netty-reactive-streams\2.0.4\netty-reactive-streams-2.0.4.jar;C:\Users\Olga\.m2\repository\com\sun\activation\jakarta.activation\1.2.2\jakarta.activation-1.2.2.jar;C:\Users\Olga\.m2\repository\org\seleniumhq\selenium\selenium-http\4.1.1\selenium-http-4.1.1.jar;C:\Users\Olga\.m2\repository\net\jodah\failsafe\2.4.4\failsafe-2.4.4.jar;C:\Users\Olga\.m2\repository\org\seleniumhq\selenium\selenium-safari-driver\4.1.1\selenium-safari-driver-4.1.1.jar;C:\Users\Olga\.m2\repository\org\seleniumhq\selenium\selenium-support\4.1.1\selenium-support-4.1.1.jar;C:\Users\Olga\.m2\repository\com\codeborne\selenide-core\6.2.0\selenide-core-6.2.0.jar;C:\Users\Olga\.m2\repository\org\opentest4j\opentest4j\1.2.0\opentest4j-1.2.0.jar;C:\Users\Olga\.m2\repository\io\github\bonigarcia\webdrivermanager\5.0.3\webdrivermanager-5.0.3.jar;C:\Users\Olga\.m2\repository\com\google\code\gson\gson\2.8.8\gson-2.8.8.jar;C:\Users\Olga\.m2\repository\org\jsoup\jsoup\1.14.2\jsoup-1.14.2.jar;C:\Users\Olga\.m2\repository\org\brotli\dec\0.1.2\dec-0.1.2.jar;C:\Users\Olga\.m2\repository\com\google\guava\guava\31.0.1-jre\guava-31.0.1-jre.jar;C:\Users\Olga\.m2\repository\com\google\guava\failureaccess\1.0.1\failureaccess-1.0.1.jar;C:\Users\Olga\.m2\repository\com\google\guava\listenablefuture\9999.0-empty-to-avoid-conflict-with-guava\listenablefuture-9999.0-empty-to-avoid-conflict-with-guava.jar;C:\Users\Olga\.m2\repository\com\google\code\findbugs\jsr305\3.0.2\jsr305-3.0.2.jar;C:\Users\Olga\.m2\repository\org\checkerframework\checker-qual\3.12.0\checker-qual-3.12.0.jar;C:\Users\Olga\.m2\repository\com\google\errorprone\error_prone_annotations\2.7.1\error_prone_annotations-2.7.1.jar;C:\Users\Olga\.m2\repository\com\google\j2objc\j2objc-annotations\1.3\j2objc-annotations-1.3.jar;C:\Users\Olga\.m2\repository\org\reflections\reflections\0.9.10\reflections-0.9.10.jar;C:\Users\Olga\.m2\repository\org\javassist\javassist\3.19.0-GA\javassist-3.19.0-GA.jar;C:\Users\Olga\.m2\repository\com\google\code\findbugs\annotations\2.0.1\annotations-2.0.1.jar;C:\Users\Olga\.m2\repository\org\aeonbits\owner\owner-java8\1.0.12\owner-java8-1.0.12.jar;C:\Users\Olga\.m2\repository\org\aeonbits\owner\owner\1.0.12\owner-1.0.12.jar;C:\Users\Olga\.m2\repository\io\rest-assured\rest-assured\4.4.0\rest-assured-4.4.0.jar;C:\Users\Olga\.m2\repository\org\codehaus\groovy\groovy\3.0.8\groovy-3.0.8.jar;C:\Users\Olga\.m2\repository\org\codehaus\groovy\groovy-xml\3.0.8\groovy-xml-3.0.8.jar;C:\Users\Olga\.m2\repository\org\apache\httpcomponents\httpclient\4.5.13\httpclient-4.5.13.jar;C:\Users\Olga\.m2\repository\org\apache\httpcomponents\httpcore\4.4.13\httpcore-4.4.13.jar;C:\Users\Olga\.m2\repository\commons-logging\commons-logging\1.2\commons-logging-1.2.jar;C:\Users\Olga\.m2\repository\commons-codec\commons-codec\1.11\commons-codec-1.11.jar;C:\Users\Olga\.m2\repository\org\apache\httpcomponents\httpmime\4.5.13\httpmime-4.5.13.jar;C:\Users\Olga\.m2\repository\org\hamcrest\hamcrest\2.1\hamcrest-2.1.jar;C:\Users\Olga\.m2\repository\org\ccil\cowan\tagsoup\tagsoup\1.2.1\tagsoup-1.2.1.jar;C:\Users\Olga\.m2\repository\io\rest-assured\json-path\4.4.0\json-path-4.4.0.jar;C:\Users\Olga\.m2\repository\org\codehaus\groovy\groovy-json\3.0.8\groovy-json-3.0.8.jar;C:\Users\Olga\.m2\repository\io\rest-assured\rest-assured-common\4.4.0\rest-assured-common-4.4.0.jar;C:\Users\Olga\.m2\repository\io\rest-assured\xml-path\4.4.0\xml-path-4.4.0.jar;C:\Users\Olga\.m2\repository\jakarta\xml\bind\jakarta.xml.bind-api\2.3.3\jakarta.xml.bind-api-2.3.3.jar;C:\Users\Olga\.m2\repository\jakarta\activation\jakarta.activation-api\1.2.2\jakarta.activation-api-1.2.2.jar;C:\Users\Olga\.m2\repository\com\sun\xml\bind\jaxb-impl\2.3.3\jaxb-impl-2.3.3.jar;C:\Users\Olga\.m2\repository\com\googlecode\json-simple\json-simple\1.1.1\json-simple-1.1.1.jar;C:\Users\Olga\.m2\repository\junit\junit\4.10\junit-4.10.jar;C:\Users\Olga\.m2\repository\org\hamcrest\hamcrest-core\1.1\hamcrest-core-1.1.jar;C:\Users\Olga\.m2\repository\com\fasterxml\jackson\core\jackson-databind\2.12.3\jackson-databind-2.12.3.jar;C:\Users\Olga\.m2\repository\com\fasterxml\jackson\core\jackson-annotations\2.12.3\jackson-annotations-2.12.3.jar;C:\Users\Olga\.m2\repository\com\fasterxml\jackson\core\jackson-core\2.12.3\jackson-core-2.12.3.jar;C:\_MyShop\Quick_Start_BDD_MyShop\target\classes
-inpath
C:\Users\Olga\.m2\repository\io\cucumber\cucumber-testng\7.2.3\cucumber-testng-7.2.3.jar;C:\Users\Olga\.m2\repository\io\cucumber\cucumber-core\7.2.3\cucumber-core-7.2.3.jar
-d
C:\_MyShop\Quick_Start_BDD_MyShop\target\classes
-s
C:\_MyShop\Quick_Start_BDD_MyShop\target\generated-sources\aspectj-maven-plugin
C:\_MyShop\Quick_Start_BDD_MyShop\src\main\java\ru\lanit\at\actions\WebActions.java
C:\_MyShop\Quick_Start_BDD_MyShop\src\main\java\ru\lanit\at\actions\WebChecks.java
C:\_MyShop\Quick_Start_BDD_MyShop\src\main\java\ru\lanit\at\api\ApiRequest.java
C:\_MyShop\Quick_Start_BDD_MyShop\src\main\java\ru\lanit\at\api\listeners\RestAssuredCustomLogger.java
C:\_MyShop\Quick_Start_BDD_MyShop\src\main\java\ru\lanit\at\api\models\RequestModel.java
C:\_MyShop\Quick_Start_BDD_MyShop\src\main\java\ru\lanit\at\api\properties\RestConfigurations.java
C:\_MyShop\Quick_Start_BDD_MyShop\src\main\java\ru\lanit\at\aspects\FragmentsAspect.java
C:\_MyShop\Quick_Start_BDD_MyShop\src\main\java\ru\lanit\at\assertion\AssertErrorType.java
C:\_MyShop\Quick_Start_BDD_MyShop\src\main\java\ru\lanit\at\assertion\AssertsManager.java
C:\_MyShop\Quick_Start_BDD_MyShop\src\main\java\ru\lanit\at\assertion\ExtendedAssert.java
C:\_MyShop\Quick_Start_BDD_MyShop\src\main\java\ru\lanit\at\corecommonstep\CommonSteps.java
C:\_MyShop\Quick_Start_BDD_MyShop\src\main\java\ru\lanit\at\corecommonstep\fragment\CustomGherkinMessagesDataTableArgument.java
C:\_MyShop\Quick_Start_BDD_MyShop\src\main\java\ru\lanit\at\corecommonstep\fragment\CustomGherkinMessagesDocStringArgument.java
C:\_MyShop\Quick_Start_BDD_MyShop\src\main\java\ru\lanit\at\corecommonstep\fragment\CustomStep.java
C:\_MyShop\Quick_Start_BDD_MyShop\src\main\java\ru\lanit\at\corecommonstep\fragment\FragmentReplacer.java
C:\_MyShop\Quick_Start_BDD_MyShop\src\main\java\ru\lanit\at\corecommonstep\fragment\GherkinResource.java
C:\_MyShop\Quick_Start_BDD_MyShop\src\main\java\ru\lanit\at\corecommonstep\fragment\GherkinSerializer.java
C:\_MyShop\Quick_Start_BDD_MyShop\src\main\java\ru\lanit\at\hooks\WebHooks.java
C:\_MyShop\Quick_Start_BDD_MyShop\src\main\java\ru\lanit\at\pages\examples\GooglePage.java
C:\_MyShop\Quick_Start_BDD_MyShop\src\main\java\ru\lanit\at\pages\examples\GoogleResultPage.java
C:\_MyShop\Quick_Start_BDD_MyShop\src\main\java\ru\lanit\at\pages\MyShopHeaderAndFooter.java
C:\_MyShop\Quick_Start_BDD_MyShop\src\main\java\ru\lanit\at\pages\MyShopLoginWindow.java
C:\_MyShop\Quick_Start_BDD_MyShop\src\main\java\ru\lanit\at\pages\MyShopMyCabinetModalWindow.java
C:\_MyShop\Quick_Start_BDD_MyShop\src\main\java\ru\lanit\at\pages\MyShopProductPage.java
C:\_MyShop\Quick_Start_BDD_MyShop\src\main\java\ru\lanit\at\steps\api\ApiSteps.java
C:\_MyShop\Quick_Start_BDD_MyShop\src\main\java\ru\lanit\at\steps\api\type_params\DataTableTypeContainer.java
C:\_MyShop\Quick_Start_BDD_MyShop\src\main\java\ru\lanit\at\steps\VariableSteps.java
C:\_MyShop\Quick_Start_BDD_MyShop\src\main\java\ru\lanit\at\steps\web\AbstractWebSteps.java
C:\_MyShop\Quick_Start_BDD_MyShop\src\main\java\ru\lanit\at\steps\web\DebugWebSteps.java
C:\_MyShop\Quick_Start_BDD_MyShop\src\main\java\ru\lanit\at\steps\web\pages\GooglePageWebSteps.java
C:\_MyShop\Quick_Start_BDD_MyShop\src\main\java\ru\lanit\at\steps\web\WebActionWebSteps.java
C:\_MyShop\Quick_Start_BDD_MyShop\src\main\java\ru\lanit\at\steps\web\WebCheckWebSteps.java
C:\_MyShop\Quick_Start_BDD_MyShop\src\main\java\ru\lanit\at\steps\web\WindowWebSteps.java
C:\_MyShop\Quick_Start_BDD_MyShop\src\main\java\ru\lanit\at\utils\allure\AllureHelper.java
C:\_MyShop\Quick_Start_BDD_MyShop\src\main\java\ru\lanit\at\utils\allure\AllureLogger.java
C:\_MyShop\Quick_Start_BDD_MyShop\src\main\java\ru\lanit\at\utils\CompareUtil.java
C:\_MyShop\Quick_Start_BDD_MyShop\src\main\java\ru\lanit\at\utils\ContextHolder.java
C:\_MyShop\Quick_Start_BDD_MyShop\src\main\java\ru\lanit\at\utils\DataGenerator.java
C:\_MyShop\Quick_Start_BDD_MyShop\src\main\java\ru\lanit\at\utils\ErrorMessage.java
C:\_MyShop\Quick_Start_BDD_MyShop\src\main\java\ru\lanit\at\utils\FileUtil.java
C:\_MyShop\Quick_Start_BDD_MyShop\src\main\java\ru\lanit\at\utils\JsonUtil.java
C:\_MyShop\Quick_Start_BDD_MyShop\src\main\java\ru\lanit\at\utils\reflections\ReflectionUtil.java
C:\_MyShop\Quick_Start_BDD_MyShop\src\main\java\ru\lanit\at\utils\RegexUtil.java
C:\_MyShop\Quick_Start_BDD_MyShop\src\main\java\ru\lanit\at\utils\selenide\command\Commands.java
C:\_MyShop\Quick_Start_BDD_MyShop\src\main\java\ru\lanit\at\utils\selenide\DriverManager.java
C:\_MyShop\Quick_Start_BDD_MyShop\src\main\java\ru\lanit\at\utils\selenide\extensions\CustomCommands.java
C:\_MyShop\Quick_Start_BDD_MyShop\src\main\java\ru\lanit\at\utils\selenide\extensions\CustomSelenidePageFactory.java
C:\_MyShop\Quick_Start_BDD_MyShop\src\main\java\ru\lanit\at\utils\Sleep.java
C:\_MyShop\Quick_Start_BDD_MyShop\src\main\java\ru\lanit\at\utils\Stand.java
C:\_MyShop\Quick_Start_BDD_MyShop\src\main\java\ru\lanit\at\utils\VariableUtil.java
C:\_MyShop\Quick_Start_BDD_MyShop\src\main\java\ru\lanit\at\utils\VideoSaveHelper.java
C:\_MyShop\Quick_Start_BDD_MyShop\src\main\java\ru\lanit\at\utils\web\annotations\Name.java
C:\_MyShop\Quick_Start_BDD_MyShop\src\main\java\ru\lanit\at\utils\web\pagecontext\Environment.java
C:\_MyShop\Quick_Start_BDD_MyShop\src\main\java\ru\lanit\at\utils\web\pagecontext\PageCache.java
C:\_MyShop\Quick_Start_BDD_MyShop\src\main\java\ru\lanit\at\utils\web\pagecontext\PageManager.java
C:\_MyShop\Quick_Start_BDD_MyShop\src\main\java\ru\lanit\at\utils\web\pagecontext\WebPage.java
C:\_MyShop\Quick_Start_BDD_MyShop\src\main\java\ru\lanit\at\utils\web\properties\Configurations.java
C:\_MyShop\Quick_Start_BDD_MyShop\src\main\java\ru\lanit\at\utils\web\properties\WebConfigurations.java
